No analysis for word одинехонек
No analysis for word одинешенек
No analysis for word отд-е
No analysis for word охотское
No analysis for word па-де-труа
No analysis for word папанин
No analysis for word папуа
No analysis for word пассау
No analysis for word патуа
No analysis for word перезагружать
No analysis for word перезагрузить
No analysis for word пламень
No analysis for word плевеи
No analysis for word по-каковски
No analysis for word пол-листа
No analysis for word пол-литра
No analysis for word пол-оборота
No analysis for word пол-одиннадцатого
No analysis for word пол-очка
No analysis for word полбутылки
No analysis for word полведра
No analysis for word полверсты
No analysis for word полвосьмого
No analysis for word полвторого
No analysis for word полгорода
No analysis for word полдвенадцатого
No analysis for word полдевятого
No analysis for word полдела
No analysis for word полдесятого
No analysis for word полдня
No analysis for word полдороги
No analysis for word полдюжины
No analysis for word полезай
No analysis for word полжизни
No analysis for word полкилометра
No analysis for word полкорпуса
No analysis for word полкруга
No analysis for word полмесяца
No analysis for word полметра
No analysis for word полмиллиона
No analysis for word полминуты
No analysis for word полмира
No analysis for word полнеба
No analysis for word полномера
No analysis for word полпервого
No analysis for word полпорции
No analysis for word полпути
No analysis for word полпятого
No analysis for word полсвета
No analysis for word полседьмого
No analysis for word полслова
No analysis for word полсмены
No analysis for word полсотни
No analysis for word полставки
No analysis for word полстолька
No analysis for word полсуток
No analysis for word полтретьего
No analysis for word полтысячи
No analysis for word полфунта
No analysis for word полцены
No analysis for word полчаса
No analysis for word полчасика
No analysis for word полчетвертого
No analysis for word полшага
No analysis for word полшестого
No analysis for word порося
No analysis for word потесь
No analysis for word пр-д
No analysis for word пр-зд
No analysis for word пр-кт
No analysis for word пр-т
No analysis for word путята
No analysis for word р-н
No analysis for word рабат
No analysis for word радехонек
No analysis for word радешенек
No analysis for word с-петербург
No analysis for word савва
No analysis for word самарин
No analysis for word самоа
No analysis for word самтредиа
No analysis for word сандунов
No analysis for word саргассово
