word with _ detected: алоизий_могарыч
word with _ detected: альфред_де_виньи
word with _ detected: байдарские_ворота
word with _ detected: белая_церковь
word with _ detected: беня_крик
word with _ detected: бертран_де_борн
word with _ detected: бодуэн_де_куртенэ
word with _ detected: большие_вяземы
word with _ detected: брет_гарт
word with _ detected: вальтер_скотт
word with _ detected: ван_гог
word with _ detected: ван_гог
word with _ detected: ван_дейк
word with _ detected: ван_дейк
word with _ detected: ван_эйк
word with _ detected: ван_эйк
word with _ detected: великий_устюг
word with _ detected: верхняя_вольта
word with _ detected: вильгельм_телль
word with _ detected: высокая_порта
word with _ detected: вышний_волочек
word with _ detected: вышний_волочок
word with ' detected: д'аламбер
word with ' detected: д'аламбер
word with ' detected: д'аннунцио
word with ' detected: д'артаньян
word with ' detected: д'артаньян
word with ' detected: д'обинье
word with _ detected: де_амичис
word with _ detected: де_амичис
word with _ detected: де_бройль
word with _ detected: де_бройль
word with _ detected: де_голль
word with _ detected: де_грие
word with _ detected: де_костер
word with _ detected: де_костер
word with _ detected: де_местр
word with _ detected: де_местр
word with _ detected: де_нерваль
word with _ detected: де_нерваль
word with _ detected: де_сад
word with _ detected: де_сад
word with _ detected: де_сантис
word with _ detected: де_сантис
word with _ detected: де_сталь
word with _ detected: де_сталь
word with _ detected: де_фалья
word with _ detected: де_фюнес
word with _ detected: де_фюнес
word with _ detected: дед_мороз
word with _ detected: дель_монако
word with _ detected: джеймс_бонд
word with _ detected: джен_эйр
word with _ detected: джером_джером
word with _ detected: джордж_элиот
word with _ detected: дон_аминадо
word with _ detected: дон_жуан
word with _ detected: дон_карлос
word with _ detected: дон_кихот
word with _ detected: дориан_грей
word with _ detected: дю_белле
word with ' detected: жанна_д'арк
word with _ detected: жиль_блаз
word with _ detected: жорж_санд
word with _ detected: жюль_верн
word with _ detected: запорожская_сечь
word with _ detected: змей_горыныч
word with _ detected: ибн_сина
word with _ detected: иисус_навин
word with _ detected: карловы_вары
word with _ detected: карские_ворота
word with _ detected: квентин_дорвард
word with _ detected: кола_брюньон
word with _ detected: красивая_меча
word with _ detected: кривой_рог
word with _ detected: ламме_гудзак
word with _ detected: леонардо_да_винчи
word with _ detected: ллойд_джордж
word with _ detected: ллойд_джордж
word with _ detected: лопе_де_вега
word with _ detected: майн_рид
word with _ detected: манон_леско
word with _ detected: мао_цзедун
word with _ detected: марион_делорм
word with _ detected: марко_поло
word with _ detected: мартен_дю_гар
word with _ detected: мартен_дю_гар
word with _ detected: мата_хари
word with _ detected: микула_селянинович
word with _ detected: минеральные_воды
word with _ detected: млечный_путь
word with _ detected: моби_дик
word with _ detected: мона_лиза
word with _ detected: набережные_челны
word with _ detected: нижний_новгород
word with _ detected: нижний_тагил
word with _ detected: нино_рота
word with _ detected: новая_гвинея
word with _ detected: новая_зеландия
word with _ detected: новая_земля
word with _ detected: новая_каледония
word with _ detected: новый_орлеан
word with _ detected: новый_узень
word with ' detected: о'брайен
word with ' detected: о'брайен
word with ' detected: о'коннор
word with ' detected: о'коннор
word with ' detected: о'нил
word with ' detected: о'нил
word with ' detected: о'тул
word with ' detected: о'тул
word with ' detected: о'хара
word with _ detected: огненная_земля
word with _ detected: оливер_твист
word with _ detected: омар_хайям
word with _ detected: пер_гюнт
word with _ detected: питер_пэн
word with _ detected: рип_ван_винкль
word with _ detected: роб_рой
word with _ detected: северный_ледовитый
word with _ detected: сергиев_посад
word with _ detected: сирано_де_бержерак
word with _ detected: старая_русса
word with _ detected: старый_оскол
word with _ detected: стефан_баторий
word with _ detected: тарас_бульба
word with _ detected: тирсо_де_молина
word with _ detected: тристрам_шенди
word with _ detected: фон_мекк
word with _ detected: фон_мекк
word with _ detected: фра_анджелико
word with _ detected: фра_бартоломмео
word with _ detected: ходжа_насреддин
word with _ detected: царевна_лебедь
word with _ detected: царское_село
word with _ detected: черубина_де_габриак
word with _ detected: шерлок_холмс
word with _ detected: шодерло_де_лакло
word with _ detected: эль_греко
word with _ detected: ян_гус
word with _ detected: ясная_поляна
Skipping too long word общераспространенность
Skipping too long word общераспространенный
Skipping too long word общественно-политический
Skipping too long word общеупотребительность
Skipping too long word овощеперерабатывающий
Skipping too long word овсянико-куликовский
Skipping too long word освидетельствоваться
Skipping too long word отоларингологический
Skipping too long word паровозостроительный
Skipping too long word парораспределительный
Skipping too long word переадминистрировать
Skipping too long word перебаллотировываться
Skipping too long word перегруппировываться
Skipping too long word переизбыточествовать
Skipping too long word переквалифицироваться
Skipping too long word перекрестноопыляющийся
Skipping too long word переорганизовываться
Skipping too long word переосвидетельствование
Skipping too long word переосвидетельствовать
Skipping too long word переосвидетельствоваться
Skipping too long word переподготавливаться
Skipping too long word перерегистрироваться
Skipping too long word переславль-залесский
Skipping too long word переэкзаменовываться
Skipping too long word переяслав-хмельницкий
Skipping too long word плодоперерабатывающий
Skipping too long word политико-экономический
Skipping too long word почвообразовательный
Skipping too long word правосоциалистический
Skipping too long word предводительствовать
Skipping too long word председательствовать
Skipping too long word председательствующий
Skipping too long word представительствовать
Skipping too long word предусмотрительность
Skipping too long word прикомандировываться
Skipping too long word прихлебательствовать
Skipping too long word проконсультироваться
Skipping too long word проправительственный
Skipping too long word противовоспалительный
Skipping too long word противогосударственный
Skipping too long word противоестественность
Skipping too long word противоправительственный
Skipping too long word противотуберкулезный
Skipping too long word противоэпидемический
Skipping too long word профессионализировать
Skipping too long word профессионализироваться
Skipping too long word психотерапевтический
Skipping too long word психофизиологический
Skipping too long word пушнозаготовительный
Skipping too long word радиоастрономический
Skipping too long word радиометеорологический
Skipping too long word распространительница
Skipping too long word революционизирование
Skipping too long word революционизироваться
Skipping too long word руководительствовать
Skipping too long word самолетостроительный
Skipping too long word самоопрокидывающийся
Skipping too long word самосовершенствование
Skipping too long word самоусовершенствование
